<?xml version="1.0" encoding="UTF-8"?>
<!-- Generated by org.testng.reporters.JUnitReportReporter -->
<testsuite skipped="0" hostname="DESKTOP-RGHPT2R" name="gmailLogin" tests="10" failures="0" timestamp="01 Apr 2018 05:54:20 GMT" time="33.869" errors="0">
  <testcase name="fbLoginLogout" time="3.266" classname="gmailLogin"/>
  <testcase name="fbLoginLogout" time="3.390" classname="gmailLogin"/>
  <testcase name="fbLoginLogout" time="3.468" classname="gmailLogin"/>
  <testcase name="fbLoginLogout" time="3.461" classname="gmailLogin"/>
  <testcase name="fbLoginLogout" time="3.390" classname="gmailLogin"/>
  <testcase name="fbLoginLogout" time="3.363" classname="gmailLogin"/>
  <testcase name="fbLoginLogout" time="3.263" classname="gmailLogin"/>
  <testcase name="fbLoginLogout" time="3.539" classname="gmailLogin"/>
  <testcase name="fbLoginLogout" time="3.432" classname="gmailLogin"/>
  <testcase name="fbLoginLogout" time="3.297" classname="gmailLogin"/>
</testsuite> <!-- gmailLogin -->
